<?xml version="1.0" encoding="UTF-8"?>
<testsuite xmlns:xsi="http://www.w3.org/2001/XMLSchema-instance" xsi:noNamespaceSchemaLocation="https://maven.apache.org/surefire/maven-surefire-plugin/xsd/surefire-test-report.xsd" version="3.0.2" name="com.dbtraining.reconx.service.TradeHistoryServiceTest" time="9.957" tests="1" errors="0" skipped="0" failures="0">
  <properties>
[...]
</properties>
  <testcase name="tracksInsertAndEachUpdateAsAnEnversRevision" classname="com.dbtraining.reconx.service.TradeHistoryServiceTest" time="2.837">
    <system-out><![CDATA[
  .   ____          _            __ _ _
 /\\ / ___'_ __ _ _(_)_ __  __ _ \ \ \ \
( ( )\___ | '_ | '_| | '_ \/ _` | \ \ \ \
 \\/  ___)| |_)| | | | | || (_| |  ) ) ) )
  '  |____| .__|_| |_|_| |_\__, | / / / /
 =========|_|==============|___/=/_/_/_/

 :: Spring Boot ::                (v3.5.0)

2026-08-03T04:02:23.472-07:00  INFO 7228 --- [           main] c.d.r.service.TradeHistoryServiceTest    : Starting TradeHistoryServiceTest using Java 21.0.1 with PID 7228 (started by Admin in C:\Users\Admin\ReconX\db2026-reconX\backend\service)
2026-08-03T04:02:23.476-07:00  INFO 7228 --- [           main] c.d.r.service.TradeHistoryServiceTest    : No active profile set, falling back to 1 default profile: "default"
2026-08-03T04:02:24.182-07:00  INFO 7228 --- [           main] .s.d.r.c.RepositoryConfigurationDelegate : Bootstrapping Spring Data JPA repositories in DEFAULT mode.
2026-08-03T04:02:24.249-07:00  INFO 7228 --- [           main] .s.d.r.c.RepositoryConfigurationDelegate : Finished Spring Data repository scanning in 53 ms. Found 0 JPA repository interfaces.
2026-08-03T04:02:24.381-07:00  INFO 7228 --- [           main] beddedDataSourceBeanFactoryPostProcessor : Replacing 'dataSource' DataSource bean with embedded version
2026-08-03T04:02:24.906-07:00  INFO 7228 --- [           main] o.s.j.d.e.EmbeddedDatabaseFactory        : Starting embedded database: url='jdbc:h2:mem:6dee0946-2957-45ff-8d15-285e8f591068;DB_CLOSE_DELAY=-1;DB_CLOSE_ON_EXIT=false', username='sa'
2026-08-03T04:02:25.406-07:00  INFO 7228 --- [           main] o.hibernate.jpa.internal.util.LogHelper  : HHH000204: Processing PersistenceUnitInfo [name: default]
2026-08-03T04:02:25.532-07:00  INFO 7228 --- [           main] org.hibernate.Version                    : HHH000412: Hibernate ORM core version 6.6.15.Final
2026-08-03T04:02:25.599-07:00  INFO 7228 --- [           main] o.h.c.internal.RegionFactoryInitiator    : HHH000026: Second-level cache disabled
2026-08-03T04:02:25.820-07:00  INFO 7228 --- [           main] o.h.e.boot.internal.EnversServiceImpl    : Envers integration enabled? : true
2026-08-03T04:02:25.949-07:00  INFO 7228 --- [           main] org.hibernate.orm.connections.pooling    : HHH10001005: Database info:
	Database JDBC URL [Connecting through datasource 'org.springframework.jdbc.datasource.embedded.EmbeddedDatabaseFactory$EmbeddedDataSourceProxy@797fcf9']
	Database driver: undefined/unknown
	Database version: 2.3.232
	Autocommit mode: undefined/unknown
	Isolation level: undefined/unknown
	Minimum pool size: undefined/unknown
	Maximum pool size: undefined/unknown
2026-08-03T04:02:26.341-07:00  INFO 7228 --- [           main] o.s.o.j.p.SpringPersistenceUnitInfo      : No LoadTimeWeaver setup: ignoring JPA class transformer
2026-08-03T04:02:27.218-07:00  INFO 7228 --- [           main] o.h.e.c.i.m.AuditMetadataGenerator       : Adding properties for entity: com.dbtraining.reconx.domain.Counterparty
2026-08-03T04:02:27.218-07:00  INFO 7228 --- [           main] o.h.e.c.i.m.AuditMetadataGenerator       : Adding properties for entity: com.dbtraining.reconx.domain.Trade
2026-08-03T04:02:27.218-07:00  INFO 7228 --- [           main] o.h.e.c.i.m.AuditMetadataGenerator       : Adding properties for entity: com.dbtraining.reconx.domain.Instrument
2026-08-03T04:02:28.682-07:00  INFO 7228 --- [           main] o.h.e.t.j.p.i.JtaPlatformInitiator       : HHH000489: No JTA platform available (set 'hibernate.transaction.jta.platform' to enable JTA platform integration)
2026-08-03T04:02:28.687-07:00  INFO 7228 --- [           main] j.LocalContainerEntityManagerFactoryBean : Initialized JPA EntityManagerFactory for persistence unit 'default'
2026-08-03T04:02:29.031-07:00  INFO 7228 --- [           main] c.d.r.service.TradeHistoryServiceTest    : Started TradeHistoryServiceTest in 6.422 seconds (process running for 8.148)
Hibernate: insert into counterparty (name,id) values (?,default)
Hibernate: insert into instruments (asset_class,currency,metadata,name,symbol,id) values (?,?,?,?,?,default)
Hibernate: insert into trades (counterparty_id,created_at,instrument_id,modified_at,price,quantity,status,trade_date,trade_ref,id) values (?,?,?,?,?,?,?,?,?,default)
Hibernate: insert into revinfo (revtstmp,rev) values (?,default)
Hibernate: insert into counterparty_aud (revtype,name,rev,id) values (?,?,?,?)
Hibernate: insert into instruments_aud (revtype,asset_class,currency,metadata,name,symbol,rev,id) values (?,?,?,?,?,?,?,?)
Hibernate: insert into trades_aud (revtype,counterparty_id,created_at,instrument_id,modified_at,price,quantity,status,trade_date,trade_ref,rev,id) values (?,?,?,?,?,?,?,?,?,?,?,?)
Hibernate: select t1_0.id,t1_0.counterparty_id,t1_0.created_at,t1_0.instrument_id,t1_0.modified_at,t1_0.price,t1_0.quantity,t1_0.status,t1_0.trade_date,t1_0.trade_ref from trades t1_0 where t1_0.id=?
Hibernate: update trades set counterparty_id=?,instrument_id=?,modified_at=?,price=?,quantity=?,status=?,trade_date=?,trade_ref=? where id=?
Hibernate: insert into revinfo (revtstmp,rev) values (?,default)
Hibernate: insert into trades_aud (revtype,counterparty_id,created_at,instrument_id,modified_at,price,quantity,status,trade_date,trade_ref,rev,id) values (?,?,?,?,?,?,?,?,?,?,?,?)
Hibernate: select t1_0.id,t1_0.counterparty_id,t1_0.created_at,t1_0.instrument_id,t1_0.modified_at,t1_0.price,t1_0.quantity,t1_0.status,t1_0.trade_date,t1_0.trade_ref from trades t1_0 where t1_0.id=?
Hibernate: update trades set counterparty_id=?,instrument_id=?,modified_at=?,price=?,quantity=?,status=?,trade_date=?,trade_ref=? where id=?
Hibernate: insert into revinfo (revtstmp,rev) values (?,default)
Hibernate: insert into trades_aud (revtype,counterparty_id,created_at,instrument_id,modified_at,price,quantity,status,trade_date,trade_ref,rev,id) values (?,?,?,?,?,?,?,?,?,?,?,?)
Hibernate: select t1_0.id,t1_0.counterparty_id,t1_0.created_at,t1_0.instrument_id,t1_0.modified_at,t1_0.price,t1_0.quantity,t1_0.status,t1_0.trade_date,t1_0.trade_ref from trades t1_0 where t1_0.id=?
Hibernate: update trades set counterparty_id=?,instrument_id=?,modified_at=?,price=?,quantity=?,status=?,trade_date=?,trade_ref=? where id=?
Hibernate: insert into revinfo (revtstmp,rev) values (?,default)
Hibernate: insert into trades_aud (revtype,counterparty_id,created_at,instrument_id,modified_at,price,quantity,status,trade_date,trade_ref,rev,id) values (?,?,?,?,?,?,?,?,?,?,?,?)
Hibernate: select ta1_0.rev from trades_aud ta1_0,revinfo dre1_0 where ta1_0.id=? and ta1_0.rev=dre1_0.rev order by ta1_0.rev
Hibernate: select ta1_0.rev,ta1_0.id,ta1_0.revtype,ta1_0.counterparty_id,ta1_0.created_at,ta1_0.instrument_id,ta1_0.modified_at,ta1_0.price,ta1_0.quantity,ta1_0.status,ta1_0.trade_date,ta1_0.trade_ref from trades_aud ta1_0 where ta1_0.rev=(select max(ta2_0.rev) from trades_aud ta2_0 where ta2_0.rev<=? and ta1_0.id=ta2_0.id) and ta1_0.revtype<>? and ta1_0.id=?
Hibernate: select ta1_0.rev,ta1_0.id,ta1_0.revtype,ta1_0.counterparty_id,ta1_0.created_at,ta1_0.instrument_id,ta1_0.modified_at,ta1_0.price,ta1_0.quantity,ta1_0.status,ta1_0.trade_date,ta1_0.trade_ref from trades_aud ta1_0 where ta1_0.rev=(select max(ta2_0.rev) from trades_aud ta2_0 where ta2_0.rev<=? and ta1_0.id=ta2_0.id) and ta1_0.revtype<>? and ta1_0.id=?
Hibernate: select ta1_0.rev,ta1_0.id,ta1_0.revtype,ta1_0.counterparty_id,ta1_0.created_at,ta1_0.instrument_id,ta1_0.modified_at,ta1_0.price,ta1_0.quantity,ta1_0.status,ta1_0.trade_date,ta1_0.trade_ref from trades_aud ta1_0 where ta1_0.rev=(select max(ta2_0.rev) from trades_aud ta2_0 where ta2_0.rev<=? and ta1_0.id=ta2_0.id) and ta1_0.revtype<>? and ta1_0.id=?
]]></system-out>
    <system-err><![CDATA[Mockito is currently self-attaching to enable the inline-mock-maker. This will no longer work in future releases of the JDK. Please add Mockito as an agent to your build as described in Mockito's documentation: https://javadoc.io/doc/org.mockito/mockito-core/latest/org.mockito/org/mockito/Mockito.html#0.3
WARNING: A Java agent has been loaded dynamically (C:\Users\Admin\.m2\repository\net\bytebuddy\byte-buddy-agent\1.17.5\byte-buddy-agent-1.17.5.jar)
WARNING: If a serviceability tool is in use, please run with -XX:+EnableDynamicAgentLoading to hide this warning
WARNING: If a serviceability tool is not in use, please run with -Djdk.instrument.traceUsage for more information
WARNING: Dynamic loading of agents will be disallowed by default in a future release
]]></system-err>
  </testcase>
</testsuite>